Unity Editor version:    2022.3.20f1 (61c2feb0970d)
Branch:                  2022.3/release
Build type:              Release
Batch mode:              YES
macOS version:           Version 13.5 (Build 22G74)
Darwin version:          22.6.0
Architecture:            arm64
Running under Rosetta:   NO
Available memory:        16384 MB
Using pre-set license
Pro License: YES

COMMAND LINE ARGUMENTS:
/Applications/Unity/Hub/Editor/2022.3.20f1/Unity.app/Contents/MacOS/Unity
-adb2
-batchMode
-noUpm
-name
AssetImportWorker1
-projectPath
/Users/davidpfeiffer/Desktop/OneForAll
-logFile
Logs/AssetImportWorker1.log
-srvPort
51938
Successfully changed project path to: /Users/davidpfeiffer/Desktop/OneForAll
/Users/davidpfeiffer/Desktop/OneForAll
[UnityMemory] Configuration Parameters - Can be set up in boot.config
    "memorysetup-bucket-allocator-granularity=16"
    "memorysetup-bucket-allocator-bucket-count=8"
    "memorysetup-bucket-allocator-block-size=33554432"
    "memorysetup-bucket-allocator-block-count=8"
    "memorysetup-main-allocator-block-size=16777216"
    "memorysetup-thread-allocator-block-size=16777216"
    "memorysetup-gfx-main-allocator-block-size=16777216"
    "memorysetup-gfx-thread-allocator-block-size=16777216"
    "memorysetup-cache-allocator-block-size=4194304"
    "memorysetup-typetree-allocator-block-size=2097152"
    "memorysetup-profiler-bucket-allocator-granularity=16"
    "memorysetup-profiler-bucket-allocator-bucket-count=8"
    "memorysetup-profiler-bucket-allocator-block-size=33554432"
    "memorysetup-profiler-bucket-allocator-block-count=8"
    "memorysetup-profiler-allocator-block-size=16777216"
    "memorysetup-profiler-editor-allocator-block-size=1048576"
    "memorysetup-temp-allocator-size-main=16777216"
    "memorysetup-job-temp-allocator-block-size=2097152"
    "memorysetup-job-temp-allocator-block-size-background=1048576"
    "memorysetup-job-temp-allocator-reduction-small-platforms=262144"
    "memorysetup-allocator-temp-initial-block-size-main=262144"
    "memorysetup-allocator-temp-initial-block-size-worker=262144"
    "memorysetup-temp-allocator-size-background-worker=32768"
    "memorysetup-temp-allocator-size-job-worker=262144"
    "memorysetup-temp-allocator-size-preload-manager=33554432"
    "memorysetup-temp-allocator-size-nav-mesh-worker=65536"
    "memorysetup-temp-allocator-size-audio-worker=65536"
    "memorysetup-temp-allocator-size-cloud-worker=32768"
    "memorysetup-temp-allocator-size-gi-baking-worker=262144"
    "memorysetup-temp-allocator-size-gfx=262144"
Player connection [8369643648] Host "[IP] 192.168.40.10 [Port] 0 [Flags] 2 [Guid] 331489740 [EditorId] 331489740 [Version] 1048832 [Id] OSXEditor(0,Davids-MacBook-Pro.local) [Debug] 1 [PackageName] OSXEditor [ProjectName] Editor" joined multi-casting on [225.0.0.222:54997]...

Player connection [8369643648] Host "[IP] 192.168.40.10 [Port] 0 [Flags] 2 [Guid] 331489740 [EditorId] 331489740 [Version] 1048832 [Id] OSXEditor(0,Davids-MacBook-Pro.local) [Debug] 1 [PackageName] OSXEditor [ProjectName] Editor" joined alternative multi-casting on [225.0.0.222:34997]...

[Physics::Module] Initialized MultithreadedJobDispatcher with 9 workers.
Refreshing native plugins compatible for Editor in 2.74 ms, found 2 plugins.
Preloading 0 native plugins for Editor in 0.00 ms.
Initialize engine version: 2022.3.20f1 (61c2feb0970d)
[Subsystems] Discovering subsystems at path /Applications/Unity/Hub/Editor/2022.3.20f1/Unity.app/Contents/Resources/UnitySubsystems
[Subsystems] Discovering subsystems at path /Users/davidpfeiffer/Desktop/OneForAll/Assets
GfxDevice: creating device client; threaded=0; jobified=0
 preferred device: Apple M2 Pro (high power)
Metal devices available: 1
0: Apple M2 Pro (high power)
Using device Apple M2 Pro (high power)
Initializing Metal device caps: Apple M2 Pro
Initialize mono
Mono path[0] = '/Applications/Unity/Hub/Editor/2022.3.20f1/Unity.app/Contents/Managed'
Mono path[1] = '/Applications/Unity/Hub/Editor/2022.3.20f1/Unity.app/Contents/MonoBleedingEdge/lib/mono/unityjit-macos'
Mono config path = '/Applications/Unity/Hub/Editor/2022.3.20f1/Unity.app/Contents/MonoBleedingEdge/etc'
Using monoOptions --debugger-agent=transport=dt_socket,embedding=1,server=y,suspend=n,address=127.0.0.1:56975
Begin MonoManager ReloadAssembly
Registering precompiled unity dll's ...
Register platform support module: /Applications/Unity/Hub/Editor/2022.3.20f1/PlaybackEngines/WebGLSupport/UnityEditor.WebGL.Extensions.dll
Register platform support module: /Applications/Unity/Hub/Editor/2022.3.20f1/Unity.app/Contents/PlaybackEngines/MacStandaloneSupport/UnityEditor.OSXStandalone.Extensions.dll
Registered in 0.000880 seconds.
- Loaded All Assemblies, in  0.183 seconds
Native extension for OSXStandalone target not found
Native extension for WebGL target not found
Mono: successfully reloaded assembly
- Finished resetting the current domain, in  0.151 seconds
Domain Reload Profiling: 333ms
	BeginReloadAssembly (38ms)
		ExecutionOrderSort (0ms)
		DisableScriptedObjects (0ms)
		BackupInstance (0ms)
		ReleaseScriptingObjects (0ms)
		CreateAndSetChildDomain (0ms)
	RebuildCommonClasses (21ms)
	RebuildNativeTypeToScriptingClass (7ms)
	initialDomainReloadingComplete (29ms)
	LoadAllAssembliesAndSetupDomain (87ms)
		LoadAssemblies (38ms)
		RebuildTransferFunctionScriptingTraits (0ms)
		AnalyzeDomain (86ms)
			TypeCache.Refresh (85ms)
				TypeCache.ScanAssembly (77ms)
			ScanForSourceGeneratedMonoScriptInfo (0ms)
			ResolveRequiredComponents (0ms)
	FinalizeReload (151ms)
		ReleaseScriptCaches (0ms)
		RebuildScriptCaches (0ms)
		SetupLoadedEditorAssemblies (115ms)
			LogAssemblyErrors (0ms)
			InitializePlatformSupportModulesInManaged (5ms)
			SetLoadedEditorAssemblies (3ms)
			RefreshPlugins (0ms)
			BeforeProcessingInitializeOnLoad (1ms)
			ProcessInitializeOnLoadAttributes (81ms)
			ProcessInitializeOnLoadMethodAttributes (25ms)
			AfterProcessingInitializeOnLoad (0ms)
			EditorAssembliesLoaded (0ms)
		ExecutionOrderSort2 (0ms)
		AwakeInstancesAfterBackupRestoration (0ms)
========================================================================
Worker process is ready to serve import requests
Begin MonoManager ReloadAssembly
- Loaded All Assemblies, in  0.325 seconds
Refreshing native plugins compatible for Editor in 0.81 ms, found 2 plugins.
Native extension for OSXStandalone target not found
Native extension for WebGL target not found
Package Manager log level set to [2]
[Package Manager] Server::EnsureServerProcessIsRunning -- launch failed, reason: Unity was launched with the -noUpm command-line argument
[Package Manager] UpmClient::Send -- Unable to send message (not connected to UPM process).
[Package Manager] Cannot connect to Unity Package Manager local server
Mono: successfully reloaded assembly
- Finished resetting the current domain, in  0.307 seconds
Domain Reload Profiling: 631ms
	BeginReloadAssembly (64ms)
		ExecutionOrderSort (0ms)
		DisableScriptedObjects (3ms)
		BackupInstance (0ms)
		ReleaseScriptingObjects (0ms)
		CreateAndSetChildDomain (15ms)
	RebuildCommonClasses (20ms)
	RebuildNativeTypeToScriptingClass (7ms)
	initialDomainReloadingComplete (20ms)
	LoadAllAssembliesAndSetupDomain (213ms)
		LoadAssemblies (134ms)
		RebuildTransferFunctionScriptingTraits (0ms)
		AnalyzeDomain (104ms)
			TypeCache.Refresh (94ms)
				TypeCache.ScanAssembly (84ms)
			ScanForSourceGeneratedMonoScriptInfo (7ms)
			ResolveRequiredComponents (2ms)
	FinalizeReload (307ms)
		ReleaseScriptCaches (0ms)
		RebuildScriptCaches (0ms)
		SetupLoadedEditorAssemblies (220ms)
			LogAssemblyErrors (0ms)
			InitializePlatformSupportModulesInManaged (3ms)
			SetLoadedEditorAssemblies (2ms)
			RefreshPlugins (0ms)
			BeforeProcessingInitializeOnLoad (29ms)
			ProcessInitializeOnLoadAttributes (175ms)
			ProcessInitializeOnLoadMethodAttributes (9ms)
			AfterProcessingInitializeOnLoad (1ms)
			EditorAssembliesLoaded (0ms)
		ExecutionOrderSort2 (0ms)
		AwakeInstancesAfterBackupRestoration (3ms)
Launching external process: /Applications/Unity/Hub/Editor/2022.3.20f1/Unity.app/Contents/Tools/UnityShaderCompiler
Launched and connected shader compiler UnityShaderCompiler after 0.04 seconds
Refreshing native plugins compatible for Editor in 0.85 ms, found 2 plugins.
Preloading 0 native plugins for Editor in 0.00 ms.
Unloading 3164 Unused Serialized files (Serialized files now loaded: 0)
Unloading 31 unused Assets / (51.6 KB). Loaded Objects now: 3627.
Memory consumption went from 134.1 MB to 134.0 MB.
Total: 2.109084 ms (FindLiveObjects: 0.097667 ms CreateObjectMapping: 0.041458 ms MarkObjects: 1.898500 ms  DeleteObjects: 0.071292 ms)

AssetImportParameters requested are different than current active one (requested -> active):
  custom:scripting/monoscript/fileName/IncomingChangesTab.cs: 8f6297df34271fdb1ce2d9607ec6261d -> af2f8b65a736cbc2c6197311f8f8caf3
  custom:scripting/monoscript/fileName/IncomingChangesNotifier.cs: 8f6297df34271fdb1ce2d9607ec6261d -> 10fad815611441fb3a805150421ed991
  custom:container-demuxer-ogg: 62fdf1f143b41e24485cea50d1cbac27 -> 
  custom:scripting/monoscript/fileName/ProgressControlsForDialogs.cs: a53f96815da50de15010b1c479bc70cf -> 7e6bd1727985204e3b64e1946e589b1c
  custom:scripting/monoscript/fileName/SSOCredentialsDialog.cs: 90647cc400823b41df847a6cbfc29026 -> e140ede12a96f68f30062138385171c3
  custom:scripting/monoscript/fileName/RepositoriesListView.cs: 90647cc400823b41df847a6cbfc29026 -> 95287f65338ca0073ad04002a16eaaf7
  custom:video-decoder-ogg-theora: a1e56fd34408186e4bbccfd4996cb3dc -> 
  custom:scripting/monoscript/fileName/ProgressControlsForViews.cs: 0cdf409b5aa8d4c25876d72b5c6a3b60 -> a8a18a90f46aa63848e1e45d8d7ff9af
  custom:scripting/monoscript/fileName/MissingEncryptionPasswordPromptHandler.cs: 90647cc400823b41df847a6cbfc29026 -> 5d7b9646eb14a39b6d3d5bab19d266ff
  custom:scripting/monoscript/fileName/NotificationBar.cs: 0cdf409b5aa8d4c25876d72b5c6a3b60 -> 0daf459fa0c4269b16bcc20cd072c021
  custom:scripting/monoscript/fileName/UnityThreadWaiter.cs: 0cdf409b5aa8d4c25876d72b5c6a3b60 -> 99333406d92d10003984b4d1920de2f9
  custom:scripting/monoscript/fileName/HistoryTab.cs: 90647cc400823b41df847a6cbfc29026 -> d57f000c65fde42a2228c7a105a836e5
  custom:scripting/monoscript/fileName/CreateRepositoryDialog.cs: 90647cc400823b41df847a6cbfc29026 -> 5cec3e66b09e0dbe1f805953c5c64af9
  custom:scripting/monoscript/fileName/ViewSwitcher.cs: 90647cc400823b41df847a6cbfc29026 -> 1700c042de8c16a5c0f6851d66df802a
  custom:CustomObjectIndexerAttribute: 6d391050e5a25f67b0a2c618074f2cd9 -> 
  custom:container-demuxer-webm: 4f35f7cbe854078d1ac9338744f61a02 -> 
  custom:scripting/monoscript/fileName/UpdateReportDialog.cs: d1628edb27b556e9e45af714e1b3ce2e -> 087837d8f73228f1a817d0de82c77260
  custom:scripting/monoscript/fileName/LaunchCheckinConflictsDialog.cs: 90647cc400823b41df847a6cbfc29026 -> e2c1e3f8f4e14a62e4363fe6259adbc2
  custom:scripting/monoscript/fileName/CreateWorkspaceView.cs: 849ed7f5b11c9db237ef61b01c5a5104 -> 04b4ce6556541af6541e1f1c2ea97052
  custom:scripting/monoscript/fileName/NCalcParser.cs: db61961eecf05360f8f4faca73024b2f -> 8e26acbdb2328e839bb63f98d07bd324
  custom:scripting/monoscript/fileName/CheckinDialog.cs: 0cdf409b5aa8d4c25876d72b5c6a3b60 -> 702fdb8d0a3b4bfcb9ba109e71325cad
  custom:container-muxer-webm: aa71ff27fc2769a1b78a27578f13a17b -> 
  custom:scripting/monoscript/fileName/EditorProgressControls.cs: 90647cc400823b41df847a6cbfc29026 -> 2e606eb01a6e6a567f3de9a0379ed3ae
  custom:video-decoder-webm-vp8: 9c59270c3fd7afecdb556c50c9e8de78 -> 
  custom:scripting/monoscript/fileName/ChangesetsTab.cs: 0cdf409b5aa8d4c25876d72b5c6a3b60 -> 46dde8f7856048792ad2e75490bb8c5e
  custom:SearchIndexIgnoredProperties: e643bd26f0fe6173181afceb89e7c659 -> 
  custom:AudioImporter_EditorPlatform: 3918e3fc78b5a79bad01e8451be0beb8 -> 
  custom:scripting/monoscript/fileName/CoverageReportGenerator.cs: 3ea35e588ed069770179d8d4e363e731 -> 14395a927aaa58c17afbfc10d0d33478
  custom:scripting/monoscript/fileName/DiffPanel.cs: 90647cc400823b41df847a6cbfc29026 -> 210366dab3631628227b9406f87a9b7f
  custom:scripting/monoscript/fileName/ProgressOperationHandler.cs: 8da79525110cdcf421ce08e37577cfbc -> ec62666c0ca1649dd33cc6bc6834c6f7
  custom:scripting/monoscript/fileName/UnityPlasticTimer.cs: 0cdf409b5aa8d4c25876d72b5c6a3b60 -> 6c887e722e951c2964523825cad70c4c
  custom:scripting/monoscript/fileName/ConfirmContinueWithPendingChangesDialog.cs: 0fd6c484965f7cb9b268e798298a9886 -> 77462b1904ad8f6fee2f8da4523d59fe
  custom:scripting/monoscript/fileName/ChannelCertificateUiImpl.cs: 90647cc400823b41df847a6cbfc29026 -> cefccf1e13b7bcf15e3c9f2dd4cd2fc8
  custom:scripting/monoscript/fileName/RepositoryExplorerDialog.cs: 0cdf409b5aa8d4c25876d72b5c6a3b60 -> eea34924da79ad7254f3e141a891c78d
  custom:framework-osx-AVFoundation: e770b220cccbd017edd2c1fefb359320 -> 
  custom:video-encoder-webm-vp8: eb34c28f22e8b96e1ab97ce403110664 -> 
  custom:scripting/monoscript/fileName/AutoLogin.cs: 90647cc400823b41df847a6cbfc29026 -> cac363a2d5471994de278e71f937b032
  custom:audio-decoder-ogg-vorbis: bf7c407c2cedff20999df2af8eb42d56 -> 
  custom:scripting/monoscript/fileName/LaunchDependenciesDialog.cs: 90647cc400823b41df847a6cbfc29026 -> 2cabf22eb95430074b6c730a84e03493
  custom:scripting/monoscript/fileName/CloudEditionWelcomeWindow.cs: c1777a498406cd95bc755aaf92ab946f -> b1721e471183956468462f6b64901640
  custom:scripting/monoscript/fileName/CredentialsUIImpl.cs: 90647cc400823b41df847a6cbfc29026 -> dbacf67c37819fd95562fe169e706732
  custom:scripting/monoscript/fileName/UnityPlasticGuiMessage.cs: 90647cc400823b41df847a6cbfc29026 -> 24eef0792e3802809607a7f9d04b8f1d
  custom:scripting/monoscript/fileName/BranchesTab.cs: 90647cc400823b41df847a6cbfc29026 -> 57c33f76c527a5aba4d269245ffff188
  custom:audio-encoder-webm-vorbis: bf7c407c2cedff20999df2af8eb42d56 -> 
  custom:scripting/monoscript/fileName/PlasticWindow.cs: 0cdf409b5aa8d4c25876d72b5c6a3b60 -> fc467478941f610919bc69526ba2c215
========================================================================
Received Prepare
Begin MonoManager ReloadAssembly
Thread 0x29b9eb000 may have been prematurely finalized
- Loaded All Assemblies, in  0.201 seconds
Refreshing native plugins compatible for Editor in 0.72 ms, found 2 plugins.
Native extension for OSXStandalone target not found
Native extension for WebGL target not found
[Package Manager] Server::EnsureServerProcessIsRunning -- launch failed, reason: Unity was launched with the -noUpm command-line argument
[Package Manager] UpmClient::Send -- Unable to send message (not connected to UPM process).
[Package Manager] Cannot connect to Unity Package Manager local server
Mono: successfully reloaded assembly
- Finished resetting the current domain, in  0.369 seconds
Domain Reload Profiling: 570ms
	BeginReloadAssembly (70ms)
		ExecutionOrderSort (0ms)
		DisableScriptedObjects (3ms)
		BackupInstance (0ms)
		ReleaseScriptingObjects (0ms)
		CreateAndSetChildDomain (22ms)
	RebuildCommonClasses (20ms)
	RebuildNativeTypeToScriptingClass (7ms)
	initialDomainReloadingComplete (12ms)
	LoadAllAssembliesAndSetupDomain (92ms)
		LoadAssemblies (107ms)
		RebuildTransferFunctionScriptingTraits (0ms)
		AnalyzeDomain (8ms)
			TypeCache.Refresh (5ms)
				TypeCache.ScanAssembly (0ms)
			ScanForSourceGeneratedMonoScriptInfo (0ms)
			ResolveRequiredComponents (3ms)
	FinalizeReload (370ms)
		ReleaseScriptCaches (0ms)
		RebuildScriptCaches (0ms)
		SetupLoadedEditorAssemblies (204ms)
			LogAssemblyErrors (0ms)
			InitializePlatformSupportModulesInManaged (3ms)
			SetLoadedEditorAssemblies (3ms)
			RefreshPlugins (0ms)
			BeforeProcessingInitializeOnLoad (32ms)
			ProcessInitializeOnLoadAttributes (156ms)
			ProcessInitializeOnLoadMethodAttributes (9ms)
			AfterProcessingInitializeOnLoad (1ms)
			EditorAssembliesLoaded (0ms)
		ExecutionOrderSort2 (0ms)
		AwakeInstancesAfterBackupRestoration (4ms)
Refreshing native plugins compatible for Editor in 0.82 ms, found 2 plugins.
Preloading 0 native plugins for Editor in 0.00 ms.
Unloading 3142 Unused Serialized files (Serialized files now loaded: 0)
Unloading 22 unused Assets / (31.0 KB). Loaded Objects now: 3630.
Memory consumption went from 136.2 MB to 136.2 MB.
Total: 2.132458 ms (FindLiveObjects: 0.116375 ms CreateObjectMapping: 0.047750 ms MarkObjects: 1.935250 ms  DeleteObjects: 0.032541 ms)

Prepare: number of updated asset objects reloaded= 0
AssetImportParameters requested are different than current active one (requested -> active):
  custom:scripting/monoscript/fileName/IncomingChangesTab.cs: 8f6297df34271fdb1ce2d9607ec6261d -> af2f8b65a736cbc2c6197311f8f8caf3
  custom:scripting/monoscript/fileName/IncomingChangesNotifier.cs: 8f6297df34271fdb1ce2d9607ec6261d -> 10fad815611441fb3a805150421ed991
  custom:container-demuxer-ogg: 62fdf1f143b41e24485cea50d1cbac27 -> 
  custom:scripting/monoscript/fileName/ProgressControlsForDialogs.cs: a53f96815da50de15010b1c479bc70cf -> 7e6bd1727985204e3b64e1946e589b1c
  custom:scripting/monoscript/fileName/SSOCredentialsDialog.cs: 90647cc400823b41df847a6cbfc29026 -> e140ede12a96f68f30062138385171c3
  custom:scripting/monoscript/fileName/RepositoriesListView.cs: 90647cc400823b41df847a6cbfc29026 -> 95287f65338ca0073ad04002a16eaaf7
  custom:video-decoder-ogg-theora: a1e56fd34408186e4bbccfd4996cb3dc -> 
  custom:scripting/monoscript/fileName/ProgressControlsForViews.cs: 0cdf409b5aa8d4c25876d72b5c6a3b60 -> a8a18a90f46aa63848e1e45d8d7ff9af
  custom:scripting/monoscript/fileName/MissingEncryptionPasswordPromptHandler.cs: 90647cc400823b41df847a6cbfc29026 -> 5d7b9646eb14a39b6d3d5bab19d266ff
  custom:scripting/monoscript/fileName/NotificationBar.cs: 0cdf409b5aa8d4c25876d72b5c6a3b60 -> 0daf459fa0c4269b16bcc20cd072c021
  custom:scripting/monoscript/fileName/UnityThreadWaiter.cs: 0cdf409b5aa8d4c25876d72b5c6a3b60 -> 99333406d92d10003984b4d1920de2f9
  custom:scripting/monoscript/fileName/HistoryTab.cs: 90647cc400823b41df847a6cbfc29026 -> d57f000c65fde42a2228c7a105a836e5
  custom:scripting/monoscript/fileName/CreateRepositoryDialog.cs: 90647cc400823b41df847a6cbfc29026 -> 5cec3e66b09e0dbe1f805953c5c64af9
  custom:scripting/monoscript/fileName/ViewSwitcher.cs: 90647cc400823b41df847a6cbfc29026 -> 1700c042de8c16a5c0f6851d66df802a
  custom:CustomObjectIndexerAttribute: 6d391050e5a25f67b0a2c618074f2cd9 -> 
  custom:container-demuxer-webm: 4f35f7cbe854078d1ac9338744f61a02 -> 
  custom:scripting/monoscript/fileName/UpdateReportDialog.cs: d1628edb27b556e9e45af714e1b3ce2e -> 087837d8f73228f1a817d0de82c77260
  custom:scripting/monoscript/fileName/LaunchCheckinConflictsDialog.cs: 90647cc400823b41df847a6cbfc29026 -> e2c1e3f8f4e14a62e4363fe6259adbc2
  custom:scripting/monoscript/fileName/CreateWorkspaceView.cs: 849ed7f5b11c9db237ef61b01c5a5104 -> 04b4ce6556541af6541e1f1c2ea97052
  custom:scripting/monoscript/fileName/NCalcParser.cs: db61961eecf05360f8f4faca73024b2f -> 8e26acbdb2328e839bb63f98d07bd324
  custom:scripting/monoscript/fileName/CheckinDialog.cs: 0cdf409b5aa8d4c25876d72b5c6a3b60 -> 702fdb8d0a3b4bfcb9ba109e71325cad
  custom:container-muxer-webm: aa71ff27fc2769a1b78a27578f13a17b -> 
  custom:scripting/monoscript/fileName/EditorProgressControls.cs: 90647cc400823b41df847a6cbfc29026 -> 2e606eb01a6e6a567f3de9a0379ed3ae
  custom:video-decoder-webm-vp8: 9c59270c3fd7afecdb556c50c9e8de78 -> 
  custom:scripting/monoscript/fileName/ChangesetsTab.cs: 0cdf409b5aa8d4c25876d72b5c6a3b60 -> 46dde8f7856048792ad2e75490bb8c5e
  custom:SearchIndexIgnoredProperties: e643bd26f0fe6173181afceb89e7c659 -> 
  custom:AudioImporter_EditorPlatform: 3918e3fc78b5a79bad01e8451be0beb8 -> 
  custom:scripting/monoscript/fileName/CoverageReportGenerator.cs: 3ea35e588ed069770179d8d4e363e731 -> 14395a927aaa58c17afbfc10d0d33478
  custom:scripting/monoscript/fileName/DiffPanel.cs: 90647cc400823b41df847a6cbfc29026 -> 210366dab3631628227b9406f87a9b7f
  custom:scripting/monoscript/fileName/ProgressOperationHandler.cs: 8da79525110cdcf421ce08e37577cfbc -> ec62666c0ca1649dd33cc6bc6834c6f7
  custom:scripting/monoscript/fileName/UnityPlasticTimer.cs: 0cdf409b5aa8d4c25876d72b5c6a3b60 -> 6c887e722e951c2964523825cad70c4c
  custom:scripting/monoscript/fileName/ConfirmContinueWithPendingChangesDialog.cs: 0fd6c484965f7cb9b268e798298a9886 -> 77462b1904ad8f6fee2f8da4523d59fe
  custom:scripting/monoscript/fileName/ChannelCertificateUiImpl.cs: 90647cc400823b41df847a6cbfc29026 -> cefccf1e13b7bcf15e3c9f2dd4cd2fc8
  custom:scripting/monoscript/fileName/RepositoryExplorerDialog.cs: 0cdf409b5aa8d4c25876d72b5c6a3b60 -> eea34924da79ad7254f3e141a891c78d
  custom:framework-osx-AVFoundation: e770b220cccbd017edd2c1fefb359320 -> 
  custom:video-encoder-webm-vp8: eb34c28f22e8b96e1ab97ce403110664 -> 
  custom:scripting/monoscript/fileName/AutoLogin.cs: 90647cc400823b41df847a6cbfc29026 -> cac363a2d5471994de278e71f937b032
  custom:audio-decoder-ogg-vorbis: bf7c407c2cedff20999df2af8eb42d56 -> 
  custom:scripting/monoscript/fileName/LaunchDependenciesDialog.cs: 90647cc400823b41df847a6cbfc29026 -> 2cabf22eb95430074b6c730a84e03493
  custom:scripting/monoscript/fileName/CloudEditionWelcomeWindow.cs: c1777a498406cd95bc755aaf92ab946f -> b1721e471183956468462f6b64901640
  custom:scripting/monoscript/fileName/CredentialsUIImpl.cs: 90647cc400823b41df847a6cbfc29026 -> dbacf67c37819fd95562fe169e706732
  custom:scripting/monoscript/fileName/UnityPlasticGuiMessage.cs: 90647cc400823b41df847a6cbfc29026 -> 24eef0792e3802809607a7f9d04b8f1d
  custom:scripting/monoscript/fileName/BranchesTab.cs: 90647cc400823b41df847a6cbfc29026 -> 57c33f76c527a5aba4d269245ffff188
  custom:audio-encoder-webm-vorbis: bf7c407c2cedff20999df2af8eb42d56 -> 
  custom:scripting/monoscript/fileName/PlasticWindow.cs: 0cdf409b5aa8d4c25876d72b5c6a3b60 -> fc467478941f610919bc69526ba2c215
========================================================================
Received Prepare
Begin MonoManager ReloadAssembly
Thread 0x17ff47000 may have been prematurely finalized
- Loaded All Assemblies, in  0.200 seconds
Refreshing native plugins compatible for Editor in 0.71 ms, found 2 plugins.
Native extension for OSXStandalone target not found
Native extension for WebGL target not found
[Package Manager] Server::EnsureServerProcessIsRunning -- launch failed, reason: Unity was launched with the -noUpm command-line argument
[Package Manager] UpmClient::Send -- Unable to send message (not connected to UPM process).
[Package Manager] Cannot connect to Unity Package Manager local server
Mono: successfully reloaded assembly
- Finished resetting the current domain, in  0.372 seconds
Domain Reload Profiling: 572ms
	BeginReloadAssembly (70ms)
		ExecutionOrderSort (0ms)
		DisableScriptedObjects (3ms)
		BackupInstance (0ms)
		ReleaseScriptingObjects (0ms)
		CreateAndSetChildDomain (22ms)
	RebuildCommonClasses (20ms)
	RebuildNativeTypeToScriptingClass (7ms)
	initialDomainReloadingComplete (12ms)
	LoadAllAssembliesAndSetupDomain (91ms)
		LoadAssemblies (107ms)
		RebuildTransferFunctionScriptingTraits (0ms)
		AnalyzeDomain (8ms)
			TypeCache.Refresh (4ms)
				TypeCache.ScanAssembly (0ms)
			ScanForSourceGeneratedMonoScriptInfo (0ms)
			ResolveRequiredComponents (3ms)
	FinalizeReload (372ms)
		ReleaseScriptCaches (0ms)
		RebuildScriptCaches (0ms)
		SetupLoadedEditorAssemblies (214ms)
			LogAssemblyErrors (0ms)
			InitializePlatformSupportModulesInManaged (3ms)
			SetLoadedEditorAssemblies (3ms)
			RefreshPlugins (0ms)
			BeforeProcessingInitializeOnLoad (33ms)
			ProcessInitializeOnLoadAttributes (165ms)
			ProcessInitializeOnLoadMethodAttributes (10ms)
			AfterProcessingInitializeOnLoad (1ms)
			EditorAssembliesLoaded (0ms)
		ExecutionOrderSort2 (0ms)
		AwakeInstancesAfterBackupRestoration (4ms)
Refreshing native plugins compatible for Editor in 0.78 ms, found 2 plugins.
Preloading 0 native plugins for Editor in 0.00 ms.
Unloading 3142 Unused Serialized files (Serialized files now loaded: 0)
Unloading 22 unused Assets / (31.1 KB). Loaded Objects now: 3633.
Memory consumption went from 142.9 MB to 142.9 MB.
Total: 2.015750 ms (FindLiveObjects: 0.101959 ms CreateObjectMapping: 0.042166 ms MarkObjects: 1.833084 ms  DeleteObjects: 0.037708 ms)

Prepare: number of updated asset objects reloaded= 0
AssetImportParameters requested are different than current active one (requested -> active):
  custom:scripting/monoscript/fileName/IncomingChangesTab.cs: 8f6297df34271fdb1ce2d9607ec6261d -> af2f8b65a736cbc2c6197311f8f8caf3
  custom:scripting/monoscript/fileName/IncomingChangesNotifier.cs: 8f6297df34271fdb1ce2d9607ec6261d -> 10fad815611441fb3a805150421ed991
  custom:container-demuxer-ogg: 62fdf1f143b41e24485cea50d1cbac27 -> 
  custom:scripting/monoscript/fileName/ProgressControlsForDialogs.cs: a53f96815da50de15010b1c479bc70cf -> 7e6bd1727985204e3b64e1946e589b1c
  custom:scripting/monoscript/fileName/SSOCredentialsDialog.cs: 90647cc400823b41df847a6cbfc29026 -> e140ede12a96f68f30062138385171c3
  custom:scripting/monoscript/fileName/RepositoriesListView.cs: 90647cc400823b41df847a6cbfc29026 -> 95287f65338ca0073ad04002a16eaaf7
  custom:video-decoder-ogg-theora: a1e56fd34408186e4bbccfd4996cb3dc -> 
  custom:scripting/monoscript/fileName/ProgressControlsForViews.cs: 0cdf409b5aa8d4c25876d72b5c6a3b60 -> a8a18a90f46aa63848e1e45d8d7ff9af
  custom:scripting/monoscript/fileName/MissingEncryptionPasswordPromptHandler.cs: 90647cc400823b41df847a6cbfc29026 -> 5d7b9646eb14a39b6d3d5bab19d266ff
  custom:scripting/monoscript/fileName/NotificationBar.cs: 0cdf409b5aa8d4c25876d72b5c6a3b60 -> 0daf459fa0c4269b16bcc20cd072c021
  custom:scripting/monoscript/fileName/UnityThreadWaiter.cs: 0cdf409b5aa8d4c25876d72b5c6a3b60 -> 99333406d92d10003984b4d1920de2f9
  custom:scripting/monoscript/fileName/HistoryTab.cs: 90647cc400823b41df847a6cbfc29026 -> d57f000c65fde42a2228c7a105a836e5
  custom:scripting/monoscript/fileName/CreateRepositoryDialog.cs: 90647cc400823b41df847a6cbfc29026 -> 5cec3e66b09e0dbe1f805953c5c64af9
  custom:scripting/monoscript/fileName/ViewSwitcher.cs: 90647cc400823b41df847a6cbfc29026 -> 1700c042de8c16a5c0f6851d66df802a
  custom:CustomObjectIndexerAttribute: 6d391050e5a25f67b0a2c618074f2cd9 -> 
  custom:container-demuxer-webm: 4f35f7cbe854078d1ac9338744f61a02 -> 
  custom:scripting/monoscript/fileName/UpdateReportDialog.cs: d1628edb27b556e9e45af714e1b3ce2e -> 087837d8f73228f1a817d0de82c77260
  custom:scripting/monoscript/fileName/LaunchCheckinConflictsDialog.cs: 90647cc400823b41df847a6cbfc29026 -> e2c1e3f8f4e14a62e4363fe6259adbc2
  custom:scripting/monoscript/fileName/CreateWorkspaceView.cs: 849ed7f5b11c9db237ef61b01c5a5104 -> 04b4ce6556541af6541e1f1c2ea97052
  custom:scripting/monoscript/fileName/NCalcParser.cs: db61961eecf05360f8f4faca73024b2f -> 8e26acbdb2328e839bb63f98d07bd324
  custom:scripting/monoscript/fileName/CheckinDialog.cs: 0cdf409b5aa8d4c25876d72b5c6a3b60 -> 702fdb8d0a3b4bfcb9ba109e71325cad
  custom:container-muxer-webm: aa71ff27fc2769a1b78a27578f13a17b -> 
  custom:scripting/monoscript/fileName/EditorProgressControls.cs: 90647cc400823b41df847a6cbfc29026 -> 2e606eb01a6e6a567f3de9a0379ed3ae
  custom:video-decoder-webm-vp8: 9c59270c3fd7afecdb556c50c9e8de78 -> 
  custom:scripting/monoscript/fileName/ChangesetsTab.cs: 0cdf409b5aa8d4c25876d72b5c6a3b60 -> 46dde8f7856048792ad2e75490bb8c5e
  custom:SearchIndexIgnoredProperties: e643bd26f0fe6173181afceb89e7c659 -> 
  custom:AudioImporter_EditorPlatform: 3918e3fc78b5a79bad01e8451be0beb8 -> 
  custom:scripting/monoscript/fileName/CoverageReportGenerator.cs: 3ea35e588ed069770179d8d4e363e731 -> 14395a927aaa58c17afbfc10d0d33478
  custom:scripting/monoscript/fileName/DiffPanel.cs: 90647cc400823b41df847a6cbfc29026 -> 210366dab3631628227b9406f87a9b7f
  custom:scripting/monoscript/fileName/ProgressOperationHandler.cs: 8da79525110cdcf421ce08e37577cfbc -> ec62666c0ca1649dd33cc6bc6834c6f7
  custom:scripting/monoscript/fileName/UnityPlasticTimer.cs: 0cdf409b5aa8d4c25876d72b5c6a3b60 -> 6c887e722e951c2964523825cad70c4c
  custom:scripting/monoscript/fileName/ConfirmContinueWithPendingChangesDialog.cs: 0fd6c484965f7cb9b268e798298a9886 -> 77462b1904ad8f6fee2f8da4523d59fe
  custom:scripting/monoscript/fileName/ChannelCertificateUiImpl.cs: 90647cc400823b41df847a6cbfc29026 -> cefccf1e13b7bcf15e3c9f2dd4cd2fc8
  custom:scripting/monoscript/fileName/RepositoryExplorerDialog.cs: 0cdf409b5aa8d4c25876d72b5c6a3b60 -> eea34924da79ad7254f3e141a891c78d
  custom:framework-osx-AVFoundation: e770b220cccbd017edd2c1fefb359320 -> 
  custom:video-encoder-webm-vp8: eb34c28f22e8b96e1ab97ce403110664 -> 
  custom:scripting/monoscript/fileName/AutoLogin.cs: 90647cc400823b41df847a6cbfc29026 -> cac363a2d5471994de278e71f937b032
  custom:audio-decoder-ogg-vorbis: bf7c407c2cedff20999df2af8eb42d56 -> 
  custom:scripting/monoscript/fileName/LaunchDependenciesDialog.cs: 90647cc400823b41df847a6cbfc29026 -> 2cabf22eb95430074b6c730a84e03493
  custom:scripting/monoscript/fileName/CloudEditionWelcomeWindow.cs: c1777a498406cd95bc755aaf92ab946f -> b1721e471183956468462f6b64901640
  custom:scripting/monoscript/fileName/CredentialsUIImpl.cs: 90647cc400823b41df847a6cbfc29026 -> dbacf67c37819fd95562fe169e706732
  custom:scripting/monoscript/fileName/UnityPlasticGuiMessage.cs: 90647cc400823b41df847a6cbfc29026 -> 24eef0792e3802809607a7f9d04b8f1d
  custom:scripting/monoscript/fileName/BranchesTab.cs: 90647cc400823b41df847a6cbfc29026 -> 57c33f76c527a5aba4d269245ffff188
  custom:audio-encoder-webm-vorbis: bf7c407c2cedff20999df2af8eb42d56 -> 
  custom:scripting/monoscript/fileName/PlasticWindow.cs: 0cdf409b5aa8d4c25876d72b5c6a3b60 -> fc467478941f610919bc69526ba2c215
